# Logfile created on 2014-02-18 23:29:29 +0100 by logger.rb/44203
I, [2014-02-18T23:29:29.338464 #58243]  INFO -- : 2:  blankslate (2.1.2.4) from /opt/boxen/rbenv/versions/2.1.0/lib/ruby/gems/2.1.0/specifications/blankslate-2.1.2.4.gemspec
I, [2014-02-18T23:29:29.338382 #58241]  INFO -- : 0:  rake (10.1.1) from /opt/boxen/rbenv/versions/2.1.0/lib/ruby/gems/2.1.0/specifications/rake-10.1.1.gemspec
I, [2014-02-18T23:29:29.339300 #58242]  INFO -- : 1:  colorator (0.1) from /opt/boxen/rbenv/versions/2.1.0/lib/ruby/gems/2.1.0/specifications/colorator-0.1.gemspec
I, [2014-02-18T23:29:29.342469 #58243]  INFO -- : 2:  highline (1.6.20) from /opt/boxen/rbenv/versions/2.1.0/lib/ruby/gems/2.1.0/specifications/highline-1.6.20.gemspec
I, [2014-02-18T23:29:29.343484 #58241]  INFO -- : 0:  ffi (1.9.3) from /opt/boxen/rbenv/versions/2.1.0/lib/ruby/gems/2.1.0/specifications/ffi-1.9.3.gemspec
I, [2014-02-18T23:29:29.344314 #58243]  INFO -- : 2:  liquid (2.5.5) from /opt/boxen/rbenv/versions/2.1.0/lib/ruby/gems/2.1.0/specifications/liquid-2.5.5.gemspec
I, [2014-02-18T23:29:29.343867 #58244]  INFO -- : 3:  fast-stemmer (1.0.2) from /opt/boxen/rbenv/versions/2.1.0/lib/ruby/gems/2.1.0/specifications/fast-stemmer-1.0.2.gemspec
I, [2014-02-18T23:29:29.345506 #58241]  INFO -- : 0:  rb-fsevent (0.9.4) from /opt/boxen/rbenv/versions/2.1.0/lib/ruby/gems/2.1.0/specifications/rb-fsevent-0.9.4.gemspec
I, [2014-02-18T23:29:29.346850 #58244]  INFO -- : 3:  posix-spawn (0.3.8) from /opt/boxen/rbenv/versions/2.1.0/lib/ruby/gems/2.1.0/specifications/posix-spawn-0.3.8.gemspec
I, [2014-02-18T23:29:29.347149 #58241]  INFO -- : 0:  yajl-ruby (1.1.0) from /opt/boxen/rbenv/versions/2.1.0/lib/ruby/gems/2.1.0/specifications/yajl-ruby-1.1.0.gemspec
I, [2014-02-18T23:29:29.346706 #58243]  INFO -- : 2:  maruku (0.7.1) from /opt/boxen/rbenv/versions/2.1.0/lib/ruby/gems/2.1.0/specifications/maruku-0.7.1.gemspec
I, [2014-02-18T23:29:29.348469 #58244]  INFO -- : 3:  redcarpet (2.3.0) from /opt/boxen/rbenv/versions/2.1.0/lib/ruby/gems/2.1.0/specifications/redcarpet-2.3.0.gemspec
I, [2014-02-18T23:29:29.348862 #58241]  INFO -- : 0:  safe_yaml (0.9.7) from /opt/boxen/rbenv/versions/2.1.0/lib/ruby/gems/2.1.0/specifications/safe_yaml-0.9.7.gemspec
I, [2014-02-18T23:29:29.348937 #58243]  INFO -- : 2:  bundler (1.5.1) from /opt/boxen/rbenv/versions/2.1.0/lib/ruby/gems/2.1.0/specifications/bundler-1.5.1.gemspec
I, [2014-02-18T23:29:29.350224 #58241]  INFO -- : 0:  parslet (1.5.0) from /opt/boxen/rbenv/versions/2.1.0/lib/ruby/gems/2.1.0/specifications/parslet-1.5.0.gemspec
I, [2014-02-18T23:29:29.350309 #58243]  INFO -- : 2:  commander (4.1.6) from /opt/boxen/rbenv/versions/2.1.0/lib/ruby/gems/2.1.0/specifications/commander-4.1.6.gemspec
I, [2014-02-18T23:29:29.351399 #58244]  INFO -- : 3:  rb-inotify (0.9.3) from /opt/boxen/rbenv/versions/2.1.0/lib/ruby/gems/2.1.0/specifications/rb-inotify-0.9.3.gemspec
I, [2014-02-18T23:29:29.352002 #58243]  INFO -- : 2:  rb-kqueue (0.2.0) from /opt/boxen/rbenv/versions/2.1.0/lib/ruby/gems/2.1.0/specifications/rb-kqueue-0.2.0.gemspec
I, [2014-02-18T23:29:29.352961 #58241]  INFO -- : 0:  classifier (1.3.4) from /opt/boxen/rbenv/versions/2.1.0/lib/ruby/gems/2.1.0/specifications/classifier-1.3.4.gemspec
I, [2014-02-18T23:29:29.353996 #58244]  INFO -- : 3:  pygments.rb (0.5.4) from /opt/boxen/rbenv/versions/2.1.0/lib/ruby/gems/2.1.0/specifications/pygments.rb-0.5.4.gemspec
I, [2014-02-18T23:29:29.355636 #58241]  INFO -- : 0:  listen (1.3.1) from /opt/boxen/rbenv/versions/2.1.0/lib/ruby/gems/2.1.0/specifications/listen-1.3.1.gemspec
I, [2014-02-18T23:29:30.635936 #58243]  INFO -- : 2:  toml (0.1.1) from /opt/boxen/rbenv/versions/2.1.0/lib/ruby/gems/2.1.0/specifications/toml-0.1.1.gemspec
I, [2014-02-18T23:29:30.637312 #58244]  INFO -- : 3:  jekyll (1.4.3) from /opt/boxen/rbenv/versions/2.1.0/lib/ruby/gems/2.1.0/specifications/jekyll-1.4.3.gemspec
I, [2014-02-18T23:29:30.832856 #58242]  INFO -- : 1:  geocoder (1.1.9) from /opt/boxen/rbenv/versions/2.1.0/lib/ruby/gems/2.1.0/specifications/geocoder-1.1.9.gemspec
